# Logfile created on 2015-09-03 13:30:53 +0800 by logger.rb/36483
I, [2015-09-03T13:30:53.273124 #76167]  INFO -- : Starting app Products Service #<Pact::MockService::App:0x007ffeac5d0298> on port 8181...
I, [2015-09-03T13:30:54.001244 #76167]  INFO -- : Started on port 8181
I, [2015-09-03T13:30:54.001796 #76167]  INFO -- : Clearing all expectations
I, [2015-09-03T13:30:54.016203 #76167]  INFO -- : Verifying interactions for ContractServiceGateway get_products returns products
D, [2015-09-03T13:30:54.024540 #76167] DEBUG -- : Supposed to be stopping
I, [2015-09-03T13:31:27.259392 #76277]  INFO -- : Starting app Products Service #<Pact::MockService::App:0x007fab3240c538> on port 8181...
I, [2015-09-03T13:31:27.374107 #76277]  INFO -- : Started on port 8181
I, [2015-09-03T13:31:27.374706 #76277]  INFO -- : Clearing all expectations
I, [2015-09-03T13:31:27.387034 #76277]  INFO -- : Verifying interactions for ContractServiceGateway get_products returns products
D, [2015-09-03T13:31:27.393121 #76277] DEBUG -- : Supposed to be stopping
I, [2015-09-03T13:35:25.593002 #76643]  INFO -- : Starting app Products Service #<Pact::MockService::App:0x007f85134f42d8> on port 8181...
I, [2015-09-03T13:35:26.334749 #76643]  INFO -- : Started on port 8181
I, [2015-09-03T13:35:26.335337 #76643]  INFO -- : Clearing all expectations
I, [2015-09-03T13:35:26.346831 #76643]  INFO -- : Verifying interactions for ContractServiceGateway get_products returns products
D, [2015-09-03T13:35:26.353118 #76643] DEBUG -- : Supposed to be stopping
I, [2016-01-01T22:39:24.357836 #17752]  INFO -- : Starting app Products Service #<Pact::MockService::App:0x007ffc91bd6a10> on port 8181...
I, [2016-01-01T22:39:24.479631 #17752]  INFO -- : Started on port 8181
I, [2016-01-01T22:39:24.480094 #17752]  INFO -- : Clearing all expectations
I, [2016-01-01T22:39:24.492393 #17752]  INFO -- : Verifying interactions for ContractServiceGateway get_products returns products
D, [2016-01-01T22:39:24.499026 #17752] DEBUG -- : Supposed to be stopping
I, [2016-01-01T22:39:34.616906 #17762]  INFO -- : Starting app Products Service #<Pact::MockService::App:0x007ff5e9a24db0> on port 8181...
I, [2016-01-01T22:39:35.046521 #17762]  INFO -- : Started on port 8181
I, [2016-01-01T22:39:35.046955 #17762]  INFO -- : Clearing all expectations
I, [2016-01-01T22:39:35.057966 #17762]  INFO -- : Verifying interactions for ContractServiceGateway get_products returns products
D, [2016-01-01T22:39:35.065192 #17762] DEBUG -- : Supposed to be stopping
I, [2016-02-27T18:42:54.969693 #66117]  INFO -- : Starting app Products Service #<Pact::MockService::App:0x007faa648749f0> on port 8181...
I, [2016-02-27T18:42:55.288294 #66117]  INFO -- : Started on port 8181
I, [2016-02-27T18:42:55.288758 #66117]  INFO -- : Clearing all expectations
I, [2016-02-27T18:42:55.301727 #66117]  INFO -- : Verifying interactions for ContractServiceGateway get_products returns products
D, [2016-02-27T18:42:55.309644 #66117] DEBUG -- : Supposed to be stopping
I, [2016-02-27T18:54:20.645581 #66316]  INFO -- : Starting app Products Service #<Pact::MockService::App:0x007f85aa36b758> on port 8181...
I, [2016-02-27T18:54:20.966191 #66316]  INFO -- : Started on port 8181
I, [2016-02-27T18:54:20.966695 #66316]  INFO -- : Clearing all expectations
I, [2016-02-27T18:54:20.979131 #66316]  INFO -- : Verifying interactions for ContractServiceGateway get_products returns products
D, [2016-02-27T18:54:20.986307 #66316] DEBUG -- : Supposed to be stopping
I, [2016-02-27T18:54:36.730402 #66334]  INFO -- : Starting app Products Service #<Pact::MockService::App:0x007f91545b46a8> on port 8181...
I, [2016-02-27T18:54:36.840477 #66334]  INFO -- : Started on port 8181
I, [2016-02-27T18:54:36.840924 #66334]  INFO -- : Clearing all expectations
I, [2016-02-27T18:54:36.855706 #66334]  INFO -- : Verifying interactions for ContractServiceGateway get_products returns products
D, [2016-02-27T18:54:36.862109 #66334] DEBUG -- : Supposed to be stopping
I, [2016-02-27T18:56:32.008923 #66382]  INFO -- : Starting app Products Service #<Pact::MockService::App:0x007fda5ba48688> on port 8181...
I, [2016-02-27T18:56:32.329208 #66382]  INFO -- : Started on port 8181
I, [2016-02-27T18:56:32.329648 #66382]  INFO -- : Clearing all expectations
I, [2016-02-27T18:56:32.340751 #66382]  INFO -- : Verifying interactions for ContractServiceGateway get_products returns products
D, [2016-02-27T18:56:32.346879 #66382] DEBUG -- : Supposed to be stopping
I, [2016-02-27T18:57:06.252042 #66403]  INFO -- : Starting app Products Service #<Pact::MockService::App:0x007f8c555db6a8> on port 8181...
I, [2016-02-27T18:57:06.362098 #66403]  INFO -- : Started on port 8181
I, [2016-02-27T18:57:06.362555 #66403]  INFO -- : Clearing all expectations
I, [2016-02-27T18:57:06.373373 #66403]  INFO -- : Verifying interactions for ContractServiceGateway get_products returns products
D, [2016-02-27T18:57:06.380194 #66403] DEBUG -- : Supposed to be stopping
I, [2016-02-27T18:59:19.584494 #66447]  INFO -- : Starting app Products Service #<Pact::MockService::App:0x007f891b0b07b0> on port 8181...
I, [2016-02-27T18:59:19.904654 #66447]  INFO -- : Started on port 8181
I, [2016-02-27T18:59:19.905136 #66447]  INFO -- : Clearing all expectations
I, [2016-02-27T18:59:19.919628 #66447]  INFO -- : Verifying interactions for ContractServiceGateway get_products returns products
D, [2016-02-27T18:59:19.926569 #66447] DEBUG -- : Supposed to be stopping
I, [2016-02-27T18:59:36.230514 #66462]  INFO -- : Starting app Products Service #<Pact::MockService::App:0x007fbc4a0ff7b8> on port 8181...
I, [2016-02-27T18:59:36.341151 #66462]  INFO -- : Started on port 8181
I, [2016-02-27T18:59:36.341582 #66462]  INFO -- : Clearing all expectations
I, [2016-02-27T18:59:36.353397 #66462]  INFO -- : Verifying interactions for ContractServiceGateway get_products returns products
D, [2016-02-27T18:59:36.360013 #66462] DEBUG -- : Supposed to be stopping
I, [2016-02-27T18:59:42.837709 #66476]  INFO -- : Starting app Products Service #<Pact::MockService::App:0x007fe969902130> on port 8181...
I, [2016-02-27T18:59:42.960387 #66476]  INFO -- : Started on port 8181
I, [2016-02-27T18:59:42.960860 #66476]  INFO -- : Clearing all expectations
I, [2016-02-27T18:59:42.975733 #66476]  INFO -- : Verifying interactions for ContractServiceGateway get_products returns products
D, [2016-02-27T18:59:42.982695 #66476] DEBUG -- : Supposed to be stopping
I, [2016-02-27T19:00:28.281904 #66505]  INFO -- : Starting app Products Service #<Pact::MockService::App:0x007f81a4ac17f0> on port 8181...
I, [2016-02-27T19:00:28.393107 #66505]  INFO -- : Started on port 8181
I, [2016-02-27T19:00:28.393664 #66505]  INFO -- : Clearing all expectations
I, [2016-02-27T19:00:28.406108 #66505]  INFO -- : Verifying interactions for ContractServiceGateway get_products returns products
D, [2016-02-27T19:00:28.413300 #66505] DEBUG -- : Supposed to be stopping
I, [2016-02-27T19:00:45.421176 #66522]  INFO -- : Starting app Products Service #<Pact::MockService::App:0x007fea941bb850> on port 8181...
I, [2016-02-27T19:00:45.535890 #66522]  INFO -- : Started on port 8181
I, [2016-02-27T19:00:45.536366 #66522]  INFO -- : Clearing all expectations
I, [2016-02-27T19:00:45.547859 #66522]  INFO -- : Verifying interactions for ContractServiceGateway get_products returns products
D, [2016-02-27T19:00:45.555786 #66522] DEBUG -- : Supposed to be stopping
I, [2016-02-27T19:02:33.541050 #66593]  INFO -- : Starting app Products Service #<Pact::MockService::App:0x007fae0414b8b0> on port 8181...
I, [2016-02-27T19:02:33.860489 #66593]  INFO -- : Started on port 8181
I, [2016-02-27T19:02:33.860982 #66593]  INFO -- : Clearing all expectations
I, [2016-02-27T19:02:33.875572 #66593]  INFO -- : Verifying interactions for ContractServiceGateway get_products returns products
D, [2016-02-27T19:02:33.882732 #66593] DEBUG -- : Supposed to be stopping
I, [2016-02-27T19:06:51.628649 #66698]  INFO -- : Starting app Products Service #<Pact::MockService::App:0x007f990b13f6b8> on port 8181...
I, [2016-02-27T19:06:51.944619 #66698]  INFO -- : Started on port 8181
I, [2016-02-27T19:06:51.945065 #66698]  INFO -- : Clearing all expectations
I, [2016-02-27T19:06:51.956767 #66698]  INFO -- : Verifying interactions for ContractServiceGateway get_products returns products
D, [2016-02-27T19:06:51.963252 #66698] DEBUG -- : Supposed to be stopping
I, [2016-02-27T19:08:55.027193 #66724]  INFO -- : Starting app Products Service #<Pact::MockService::App:0x007fbd9cb0b858> on port 8181...
I, [2016-02-27T19:08:55.345075 #66724]  INFO -- : Started on port 8181
I, [2016-02-27T19:08:55.345515 #66724]  INFO -- : Clearing all expectations
I, [2016-02-27T19:08:55.358731 #66724]  INFO -- : Verifying interactions for ContractServiceGateway get_products returns products
D, [2016-02-27T19:08:55.365897 #66724] DEBUG -- : Supposed to be stopping
I, [2016-02-27T19:09:08.663400 #66739]  INFO -- : Starting app Products Service #<Pact::MockService::App:0x007fcd4a293870> on port 8181...
I, [2016-02-27T19:09:08.778683 #66739]  INFO -- : Started on port 8181
I, [2016-02-27T19:09:08.779255 #66739]  INFO -- : Clearing all expectations
I, [2016-02-27T19:09:08.791875 #66739]  INFO -- : Verifying interactions for ContractServiceGateway get_products returns products
D, [2016-02-27T19:09:08.799782 #66739] DEBUG -- : Supposed to be stopping
I, [2016-02-27T19:09:25.516614 #66757]  INFO -- : Starting app Products Service #<Pact::MockService::App:0x007fa032b3b990> on port 8181...
I, [2016-02-27T19:09:25.629822 #66757]  INFO -- : Started on port 8181
I, [2016-02-27T19:09:25.630348 #66757]  INFO -- : Clearing all expectations
I, [2016-02-27T19:09:25.641645 #66757]  INFO -- : Verifying interactions for ContractServiceGateway get_products returns products
D, [2016-02-27T19:09:25.649279 #66757] DEBUG -- : Supposed to be stopping
I, [2016-02-27T19:09:34.803298 #66771]  INFO -- : Starting app Products Service #<Pact::MockService::App:0x007f87e22c77e0> on port 8181...
I, [2016-02-27T19:09:34.915263 #66771]  INFO -- : Started on port 8181
I, [2016-02-27T19:09:34.915809 #66771]  INFO -- : Clearing all expectations
I, [2016-02-27T19:09:34.927098 #66771]  INFO -- : Verifying interactions for ContractServiceGateway get_products returns products
D, [2016-02-27T19:09:34.933513 #66771] DEBUG -- : Supposed to be stopping
I, [2016-02-27T19:09:44.032712 #66788]  INFO -- : Starting app Products Service #<Pact::MockService::App:0x007f9fe4a47640> on port 8181...
I, [2016-02-27T19:09:44.143618 #66788]  INFO -- : Started on port 8181
I, [2016-02-27T19:09:44.144088 #66788]  INFO -- : Clearing all expectations
I, [2016-02-27T19:09:44.155295 #66788]  INFO -- : Verifying interactions for ContractServiceGateway get_products returns products
D, [2016-02-27T19:09:44.161754 #66788] DEBUG -- : Supposed to be stopping
I, [2016-02-27T19:09:47.328097 #66799]  INFO -- : Starting app Products Service #<Pact::MockService::App:0x007ff3053f75c8> on port 8181...
I, [2016-02-27T19:09:47.439744 #66799]  INFO -- : Started on port 8181
I, [2016-02-27T19:09:47.440191 #66799]  INFO -- : Clearing all expectations
I, [2016-02-27T19:09:47.451277 #66799]  INFO -- : Verifying interactions for ContractServiceGateway get_products returns products
D, [2016-02-27T19:09:47.458168 #66799] DEBUG -- : Supposed to be stopping
I, [2016-02-27T19:10:29.129835 #66822]  INFO -- : Starting app Products Service #<Pact::MockService::App:0x007fa0b10c3b78> on port 8181...
I, [2016-02-27T19:10:29.242575 #66822]  INFO -- : Started on port 8181
I, [2016-02-27T19:10:29.243242 #66822]  INFO -- : Clearing all expectations
I, [2016-02-27T19:10:29.255042 #66822]  INFO -- : Verifying interactions for ContractServiceGateway get_products returns products
D, [2016-02-27T19:10:29.263054 #66822] DEBUG -- : Supposed to be stopping
I, [2016-02-27T19:10:37.922768 #66834]  INFO -- : Starting app Products Service #<Pact::MockService::App:0x007fdd5d8c8970> on port 8181...
I, [2016-02-27T19:10:38.031888 #66834]  INFO -- : Started on port 8181
I, [2016-02-27T19:10:38.032339 #66834]  INFO -- : Clearing all expectations
I, [2016-02-27T19:10:38.044264 #66834]  INFO -- : Verifying interactions for ContractServiceGateway get_products returns products
D, [2016-02-27T19:10:38.050360 #66834] DEBUG -- : Supposed to be stopping
I, [2016-02-27T19:11:45.695848 #66861]  INFO -- : Starting app Products Service #<Pact::MockService::App:0x007f9bd1ad2388> on port 8181...
I, [2016-02-27T19:11:45.812866 #66861]  INFO -- : Started on port 8181
I, [2016-02-27T19:11:45.813597 #66861]  INFO -- : Clearing all expectations
I, [2016-02-27T19:11:45.824471 #66861]  INFO -- : Verifying interactions for ContractServiceGateway get_products returns products
D, [2016-02-27T19:11:45.831585 #66861] DEBUG -- : Supposed to be stopping
I, [2016-02-27T19:11:57.335765 #66876]  INFO -- : Starting app Products Service #<Pact::MockService::App:0x007fea88cbb6a8> on port 8181...
I, [2016-02-27T19:11:57.446411 #66876]  INFO -- : Started on port 8181
I, [2016-02-27T19:11:57.446881 #66876]  INFO -- : Clearing all expectations
I, [2016-02-27T19:11:57.459314 #66876]  INFO -- : Verifying interactions for ContractServiceGateway get_products returns products
D, [2016-02-27T19:11:57.466215 #66876] DEBUG -- : Supposed to be stopping
I, [2016-02-27T19:12:05.204430 #66891]  INFO -- : Starting app Products Service #<Pact::MockService::App:0x007fa72c266008> on port 8181...
I, [2016-02-27T19:12:05.317264 #66891]  INFO -- : Started on port 8181
I, [2016-02-27T19:12:05.317727 #66891]  INFO -- : Clearing all expectations
I, [2016-02-27T19:12:05.331788 #66891]  INFO -- : Verifying interactions for ContractServiceGateway get_products returns products
D, [2016-02-27T19:12:05.338294 #66891] DEBUG -- : Supposed to be stopping
I, [2016-02-27T19:12:57.566128 #66919]  INFO -- : Starting app Products Service #<Pact::MockService::App:0x007fc2c2adfe08> on port 8181...
I, [2016-02-27T19:12:57.885127 #66919]  INFO -- : Started on port 8181
I, [2016-02-27T19:12:57.885722 #66919]  INFO -- : Clearing all expectations
I, [2016-02-27T19:12:57.896926 #66919]  INFO -- : Verifying interactions for ContractServiceGateway get_products returns products
D, [2016-02-27T19:12:57.903749 #66919] DEBUG -- : Supposed to be stopping
I, [2016-02-27T19:15:10.748258 #66977]  INFO -- : Starting app Products Service #<Pact::MockService::App:0x007fd9dba1be88> on port 8181...
I, [2016-02-27T19:15:11.072264 #66977]  INFO -- : Started on port 8181
I, [2016-02-27T19:15:11.072906 #66977]  INFO -- : Clearing all expectations
I, [2016-02-27T19:15:11.084054 #66977]  INFO -- : Verifying interactions for ContractServiceGateway get_products returns products
D, [2016-02-27T19:15:11.091248 #66977] DEBUG -- : Supposed to be stopping
I, [2016-02-27T19:15:24.314284 #66994]  INFO -- : Starting app Products Service #<Pact::MockService::App:0x007f89e3b557d8> on port 8181...
I, [2016-02-27T19:15:24.422351 #66994]  INFO -- : Started on port 8181
I, [2016-02-27T19:15:24.422770 #66994]  INFO -- : Clearing all expectations
I, [2016-02-27T19:15:24.434068 #66994]  INFO -- : Verifying interactions for ContractServiceGateway get_products returns products
D, [2016-02-27T19:15:24.440411 #66994] DEBUG -- : Supposed to be stopping
I, [2016-02-27T19:15:36.924110 #67009]  INFO -- : Starting app Products Service #<Pact::MockService::App:0x007faf7a84f6f8> on port 8181...
I, [2016-02-27T19:15:37.033663 #67009]  INFO -- : Started on port 8181
I, [2016-02-27T19:15:37.034124 #67009]  INFO -- : Clearing all expectations
I, [2016-02-27T19:15:37.045317 #67009]  INFO -- : Verifying interactions for ContractServiceGateway get_products returns products
D, [2016-02-27T19:15:37.052013 #67009] DEBUG -- : Supposed to be stopping
I, [2016-02-27T19:15:51.588255 #67024]  INFO -- : Starting app Products Service #<Pact::MockService::App:0x007fd869a53658> on port 8181...
I, [2016-02-27T19:15:51.699898 #67024]  INFO -- : Started on port 8181
I, [2016-02-27T19:15:51.700437 #67024]  INFO -- : Clearing all expectations
I, [2016-02-27T19:15:51.715286 #67024]  INFO -- : Verifying interactions for ContractServiceGateway get_products returns products
D, [2016-02-27T19:15:51.721627 #67024] DEBUG -- : Supposed to be stopping
I, [2016-02-27T19:17:21.614011 #67064]  INFO -- : Starting app Products Service #<Pact::MockService::App:0x007ff6544c7aa0> on port 8181...
I, [2016-02-27T19:17:21.926063 #67064]  INFO -- : Started on port 8181
I, [2016-02-27T19:17:21.926520 #67064]  INFO -- : Clearing all expectations
I, [2016-02-27T19:17:21.939110 #67064]  INFO -- : Verifying interactions for ContractServiceGateway get_products returns products
D, [2016-02-27T19:17:21.945676 #67064] DEBUG -- : Supposed to be stopping
I, [2016-02-27T19:17:33.088024 #67078]  INFO -- : Starting app Products Service #<Pact::MockService::App:0x007fa5e413bde8> on port 8181...
I, [2016-02-27T19:17:33.195732 #67078]  INFO -- : Started on port 8181
I, [2016-02-27T19:17:33.196247 #67078]  INFO -- : Clearing all expectations
I, [2016-02-27T19:17:33.213384 #67078]  INFO -- : Verifying interactions for ContractServiceGateway get_products returns products
D, [2016-02-27T19:17:33.221247 #67078] DEBUG -- : Supposed to be stopping
I, [2016-02-27T19:18:16.524754 #67096]  INFO -- : Starting app Products Service #<Pact::MockService::App:0x007fa633b836f8> on port 8181...
I, [2016-02-27T19:18:16.635555 #67096]  INFO -- : Started on port 8181
I, [2016-02-27T19:18:16.636008 #67096]  INFO -- : Clearing all expectations
I, [2016-02-27T19:18:16.649590 #67096]  INFO -- : Verifying interactions for ContractServiceGateway get_products returns products
D, [2016-02-27T19:18:16.656226 #67096] DEBUG -- : Supposed to be stopping
I, [2016-02-27T19:18:39.303583 #67112]  INFO -- : Starting app Products Service #<Pact::MockService::App:0x007fa793ae4a10> on port 8181...
I, [2016-02-27T19:18:39.414125 #67112]  INFO -- : Started on port 8181
I, [2016-02-27T19:18:39.414838 #67112]  INFO -- : Clearing all expectations
I, [2016-02-27T19:18:39.435268 #67112]  INFO -- : Verifying interactions for ContractServiceGateway get_products returns products
D, [2016-02-27T19:18:39.443143 #67112] DEBUG -- : Supposed to be stopping
I, [2016-02-27T19:19:09.267462 #67135]  INFO -- : Starting app Products Service #<Pact::MockService::App:0x007ff47137b820> on port 8181...
I, [2016-02-27T19:19:09.379066 #67135]  INFO -- : Started on port 8181
I, [2016-02-27T19:19:09.379511 #67135]  INFO -- : Clearing all expectations
I, [2016-02-27T19:19:09.393606 #67135]  INFO -- : Verifying interactions for ContractServiceGateway get_products returns products
D, [2016-02-27T19:19:09.400619 #67135] DEBUG -- : Supposed to be stopping
I, [2016-02-27T19:20:29.721750 #67166]  INFO -- : Starting app Products Service #<Pact::MockService::App:0x007fec43b93700> on port 8181...
I, [2016-02-27T19:20:29.837990 #67166]  INFO -- : Started on port 8181
I, [2016-02-27T19:20:29.838440 #67166]  INFO -- : Clearing all expectations
I, [2016-02-27T19:20:29.852272 #67166]  INFO -- : Verifying interactions for ContractServiceGateway get_products returns products
D, [2016-02-27T19:20:29.859019 #67166] DEBUG -- : Supposed to be stopping
I, [2016-02-27T19:21:03.818541 #67186]  INFO -- : Starting app Products Service #<Pact::MockService::App:0x007f843929b700> on port 8181...
I, [2016-02-27T19:21:03.928074 #67186]  INFO -- : Started on port 8181
I, [2016-02-27T19:21:03.928529 #67186]  INFO -- : Clearing all expectations
I, [2016-02-27T19:21:03.942201 #67186]  INFO -- : Verifying interactions for ContractServiceGateway get_products returns products
D, [2016-02-27T19:21:03.948912 #67186] DEBUG -- : Supposed to be stopping
I, [2016-02-27T19:22:14.552374 #67212]  INFO -- : Starting app Products Service #<Pact::MockService::App:0x007f9214acb888> on port 8181...
I, [2016-02-27T19:22:14.663211 #67212]  INFO -- : Started on port 8181
I, [2016-02-27T19:22:14.663642 #67212]  INFO -- : Clearing all expectations
I, [2016-02-27T19:22:14.680695 #67212]  INFO -- : Verifying interactions for ContractServiceGateway get_products returns products
D, [2016-02-27T19:22:14.693420 #67212] DEBUG -- : Supposed to be stopping
I, [2016-02-27T19:22:39.748465 #67227]  INFO -- : Starting app Products Service #<Pact::MockService::App:0x007f97ba0dfdc8> on port 8181...
I, [2016-02-27T19:22:39.858981 #67227]  INFO -- : Started on port 8181
I, [2016-02-27T19:22:39.859718 #67227]  INFO -- : Clearing all expectations
I, [2016-02-27T19:22:39.873467 #67227]  INFO -- : Verifying interactions for ContractServiceGateway get_products returns products
D, [2016-02-27T19:22:39.881065 #67227] DEBUG -- : Supposed to be stopping
I, [2016-02-27T19:23:09.720022 #67244]  INFO -- : Starting app Products Service #<Pact::MockService::App:0x007fd35b3b8978> on port 8181...
I, [2016-02-27T19:23:10.041764 #67244]  INFO -- : Started on port 8181
I, [2016-02-27T19:23:10.042247 #67244]  INFO -- : Clearing all expectations
I, [2016-02-27T19:23:10.053858 #67244]  INFO -- : Verifying interactions for ContractServiceGateway get_products returns products
D, [2016-02-27T19:23:10.060712 #67244] DEBUG -- : Supposed to be stopping
I, [2016-02-27T19:23:39.844749 #67265]  INFO -- : Starting app Products Service #<Pact::MockService::App:0x007f9948bd3880> on port 8181...
I, [2016-02-27T19:23:39.954547 #67265]  INFO -- : Started on port 8181
I, [2016-02-27T19:23:39.955164 #67265]  INFO -- : Clearing all expectations
I, [2016-02-27T19:23:39.967665 #67265]  INFO -- : Verifying interactions for ContractServiceGateway get_products returns products
D, [2016-02-27T19:23:39.974474 #67265] DEBUG -- : Supposed to be stopping
I, [2016-02-27T19:25:30.319334 #67297]  INFO -- : Starting app Products Service #<Pact::MockService::App:0x007fcfcc98bf68> on port 8181...
I, [2016-02-27T19:25:30.747574 #67297]  INFO -- : Started on port 8181
I, [2016-02-27T19:25:30.748111 #67297]  INFO -- : Clearing all expectations
I, [2016-02-27T19:25:30.763925 #67297]  INFO -- : Verifying interactions for ContractServiceGateway get_products returns products
D, [2016-02-27T19:25:30.771032 #67297] DEBUG -- : Supposed to be stopping
I, [2016-02-27T19:26:45.499674 #67349]  INFO -- : Starting app Products Service #<Pact::MockService::App:0x007fe8642fb7d8> on port 8181...
I, [2016-02-27T19:26:45.608877 #67349]  INFO -- : Started on port 8181
I, [2016-02-27T19:26:45.609724 #67349]  INFO -- : Clearing all expectations
I, [2016-02-27T19:26:45.626599 #67349]  INFO -- : Verifying interactions for ContractServiceGateway get_products returns products
D, [2016-02-27T19:26:45.633500 #67349] DEBUG -- : Supposed to be stopping
I, [2016-02-27T19:26:54.001250 #67363]  INFO -- : Starting app Products Service #<Pact::MockService::App:0x007fc1128df560> on port 8181...
I, [2016-02-27T19:26:54.113309 #67363]  INFO -- : Started on port 8181
I, [2016-02-27T19:26:54.113827 #67363]  INFO -- : Clearing all expectations
I, [2016-02-27T19:26:54.125167 #67363]  INFO -- : Verifying interactions for ContractServiceGateway get_products returns products
D, [2016-02-27T19:26:54.132923 #67363] DEBUG -- : Supposed to be stopping
I, [2016-02-27T19:27:08.189760 #67384]  INFO -- : Starting app Products Service #<Pact::MockService::App:0x007feaaa097df0> on port 8181...
I, [2016-02-27T19:27:08.300210 #67384]  INFO -- : Started on port 8181
I, [2016-02-27T19:27:08.300654 #67384]  INFO -- : Clearing all expectations
I, [2016-02-27T19:27:08.316312 #67384]  INFO -- : Verifying interactions for ContractServiceGateway get_products returns products
D, [2016-02-27T19:27:08.323824 #67384] DEBUG -- : Supposed to be stopping
I, [2016-02-27T19:27:22.485056 #67399]  INFO -- : Starting app Products Service #<Pact::MockService::App:0x007f8deb1f56c8> on port 8181...
I, [2016-02-27T19:27:22.593930 #67399]  INFO -- : Started on port 8181
I, [2016-02-27T19:27:22.594363 #67399]  INFO -- : Clearing all expectations
I, [2016-02-27T19:27:22.610862 #67399]  INFO -- : Verifying interactions for ContractServiceGateway get_products returns products
D, [2016-02-27T19:27:22.618481 #67399] DEBUG -- : Supposed to be stopping
I, [2016-02-27T19:32:48.210811 #67547]  INFO -- : Starting app Products Service #<Pact::MockService::App:0x007fe5d43d5358> on port 8181...
I, [2016-02-27T19:32:48.525886 #67547]  INFO -- : Started on port 8181
I, [2016-02-27T19:32:48.526324 #67547]  INFO -- : Clearing all expectations
I, [2016-02-27T19:32:48.534274 #67547]  INFO -- : Verifying interactions for ContractServiceGateway parse parse the data
D, [2016-02-27T19:32:48.541261 #67547] DEBUG -- : Supposed to be stopping
I, [2016-02-27T19:33:14.052725 #67563]  INFO -- : Starting app Products Service #<Pact::MockService::App:0x007fd58ab187f0> on port 8181...
I, [2016-02-27T19:33:14.160437 #67563]  INFO -- : Started on port 8181
I, [2016-02-27T19:33:14.160926 #67563]  INFO -- : Clearing all expectations
I, [2016-02-27T19:33:14.168797 #67563]  INFO -- : Verifying interactions for ContractServiceGateway parse parse the data
D, [2016-02-27T19:33:14.175442 #67563] DEBUG -- : Supposed to be stopping
I, [2016-02-27T19:33:49.812850 #67582]  INFO -- : Starting app Products Service #<Pact::MockService::App:0x007fbeebb0a390> on port 8181...
I, [2016-02-27T19:33:49.924665 #67582]  INFO -- : Started on port 8181
I, [2016-02-27T19:33:49.925271 #67582]  INFO -- : Clearing all expectations
I, [2016-02-27T19:33:49.930352 #67582]  INFO -- : Verifying interactions for ContractServiceGateway parse parse the data
D, [2016-02-27T19:33:49.937641 #67582] DEBUG -- : Supposed to be stopping
I, [2016-02-27T19:34:01.288838 #67597]  INFO -- : Starting app Products Service #<Pact::MockService::App:0x007fe8bab65508> on port 8181...
I, [2016-02-27T19:34:01.405011 #67597]  INFO -- : Started on port 8181
I, [2016-02-27T19:34:01.405739 #67597]  INFO -- : Clearing all expectations
I, [2016-02-27T19:34:01.416941 #67597]  INFO -- : Verifying interactions for ContractServiceGateway get_products returns products
I, [2016-02-27T19:34:01.420965 #67597]  INFO -- : Clearing all expectations
I, [2016-02-27T19:34:01.424443 #67597]  INFO -- : Verifying interactions for ContractServiceGateway parse parse the data
D, [2016-02-27T19:34:01.430795 #67597] DEBUG -- : Supposed to be stopping
I, [2016-02-27T19:34:14.728858 #67613]  INFO -- : Starting app Products Service #<Pact::MockService::App:0x007f95624ad388> on port 8181...
I, [2016-02-27T19:34:14.841176 #67613]  INFO -- : Started on port 8181
I, [2016-02-27T19:34:14.841956 #67613]  INFO -- : Clearing all expectations
I, [2016-02-27T19:34:14.854245 #67613]  INFO -- : Verifying interactions for ContractServiceGateway get_products returns products
I, [2016-02-27T19:34:14.858575 #67613]  INFO -- : Clearing all expectations
I, [2016-02-27T19:34:14.861817 #67613]  INFO -- : Verifying interactions for ContractServiceGateway parse parse the data
D, [2016-02-27T19:34:14.867862 #67613] DEBUG -- : Supposed to be stopping
I, [2016-02-27T19:39:11.018532 #67708]  INFO -- : Starting app Products Service #<Pact::MockService::App:0x007fa904d95530> on port 8181...
I, [2016-02-27T19:39:11.339363 #67708]  INFO -- : Started on port 8181
I, [2016-02-27T19:39:11.339823 #67708]  INFO -- : Clearing all expectations
I, [2016-02-27T19:39:11.351771 #67708]  INFO -- : Verifying interactions for ContractServiceGateway get_products returns products
I, [2016-02-27T19:39:11.355234 #67708]  INFO -- : Clearing all expectations
I, [2016-02-27T19:39:11.358287 #67708]  INFO -- : Verifying interactions for ContractServiceGateway parse parse the data
D, [2016-02-27T19:39:11.366061 #67708] DEBUG -- : Supposed to be stopping
I, [2016-02-27T19:46:29.046070 #68047]  INFO -- : Starting app Products Service #<Pact::MockService::App:0x007fdaba0da998> on port 8181...
I, [2016-02-27T19:46:29.362835 #68047]  INFO -- : Started on port 8181
I, [2016-02-27T19:46:29.363272 #68047]  INFO -- : Clearing all expectations
I, [2016-02-27T19:46:29.371773 #68047]  INFO -- : Verifying interactions for ContractServiceGateway get_products returns products
I, [2016-02-27T19:46:29.376057 #68047]  INFO -- : Clearing all expectations
I, [2016-02-27T19:46:29.381257 #68047]  INFO -- : Verifying interactions for ContractServiceGateway parse parse the data
D, [2016-02-27T19:46:29.388802 #68047] DEBUG -- : Supposed to be stopping
I, [2016-02-27T19:46:46.263653 #68060]  INFO -- : Starting app Products Service #<Pact::MockService::App:0x007fa02109f6c8> on port 8181...
I, [2016-02-27T19:46:46.371198 #68060]  INFO -- : Started on port 8181
I, [2016-02-27T19:46:46.371634 #68060]  INFO -- : Clearing all expectations
I, [2016-02-27T19:46:46.387617 #68060]  INFO -- : Verifying interactions for ContractServiceGateway get_products returns products
I, [2016-02-27T19:46:46.391389 #68060]  INFO -- : Clearing all expectations
I, [2016-02-27T19:46:46.395948 #68060]  INFO -- : Verifying interactions for ContractServiceGateway parse parse the data
D, [2016-02-27T19:46:46.402528 #68060] DEBUG -- : Supposed to be stopping
I, [2016-02-27T19:47:45.145994 #68078]  INFO -- : Starting app Products Service #<Pact::MockService::App:0x007faceb9cacf8> on port 8181...
I, [2016-02-27T19:47:45.254760 #68078]  INFO -- : Started on port 8181
I, [2016-02-27T19:47:45.255219 #68078]  INFO -- : Clearing all expectations
I, [2016-02-27T19:47:45.269356 #68078]  INFO -- : Verifying interactions for ContractServiceGateway get_products returns products
I, [2016-02-27T19:47:45.273140 #68078]  INFO -- : Clearing all expectations
I, [2016-02-27T19:47:45.277080 #68078]  INFO -- : Verifying interactions for ContractServiceGateway parse parse the data
D, [2016-02-27T19:47:45.284026 #68078] DEBUG -- : Supposed to be stopping
I, [2016-02-27T19:50:33.413382 #68134]  INFO -- : Starting app Products Service #<Pact::MockService::App:0x007fe2dd816088> on port 8181...
I, [2016-02-27T19:50:33.728915 #68134]  INFO -- : Started on port 8181
I, [2016-02-27T19:50:33.729374 #68134]  INFO -- : Clearing all expectations
I, [2016-02-27T19:50:33.741699 #68134]  INFO -- : Verifying interactions for ContractServiceGateway get_products returns products
I, [2016-02-27T19:50:33.745642 #68134]  INFO -- : Clearing all expectations
I, [2016-02-27T19:50:33.749317 #68134]  INFO -- : Verifying interactions for ContractServiceGateway parse parse the data
D, [2016-02-27T19:50:33.756642 #68134] DEBUG -- : Supposed to be stopping
I, [2016-02-27T19:51:05.919052 #68151]  INFO -- : Starting app Products Service #<Pact::MockService::App:0x007fc542b6d4d8> on port 8181...
I, [2016-02-27T19:51:06.028437 #68151]  INFO -- : Started on port 8181
I, [2016-02-27T19:51:06.029090 #68151]  INFO -- : Clearing all expectations
I, [2016-02-27T19:51:06.044458 #68151]  INFO -- : Verifying interactions for ContractServiceGateway get_products returns products
I, [2016-02-27T19:51:06.048017 #68151]  INFO -- : Clearing all expectations
I, [2016-02-27T19:51:06.052716 #68151]  INFO -- : Verifying interactions for ContractServiceGateway parse parse the data
D, [2016-02-27T19:51:06.061707 #68151] DEBUG -- : Supposed to be stopping
I, [2016-02-27T19:51:17.874914 #68164]  INFO -- : Starting app Products Service #<Pact::MockService::App:0x007f9be2851580> on port 8181...
I, [2016-02-27T19:51:17.986453 #68164]  INFO -- : Started on port 8181
I, [2016-02-27T19:51:17.986892 #68164]  INFO -- : Clearing all expectations
I, [2016-02-27T19:51:18.000778 #68164]  INFO -- : Verifying interactions for ContractServiceGateway get_products returns products
I, [2016-02-27T19:51:18.004888 #68164]  INFO -- : Clearing all expectations
I, [2016-02-27T19:51:18.008074 #68164]  INFO -- : Verifying interactions for ContractServiceGateway parse parse the data
D, [2016-02-27T19:51:18.014946 #68164] DEBUG -- : Supposed to be stopping
I, [2016-02-27T19:51:35.757350 #68180]  INFO -- : Starting app Products Service #<Pact::MockService::App:0x007ff454af53e8> on port 8181...
I, [2016-02-27T19:51:35.869448 #68180]  INFO -- : Started on port 8181
I, [2016-02-27T19:51:35.869983 #68180]  INFO -- : Clearing all expectations
I, [2016-02-27T19:51:35.882744 #68180]  INFO -- : Verifying interactions for ContractServiceGateway get_products returns products
I, [2016-02-27T19:51:35.887891 #68180]  INFO -- : Clearing all expectations
I, [2016-02-27T19:51:35.892812 #68180]  INFO -- : Verifying interactions for ContractServiceGateway parse parse the data
D, [2016-02-27T19:51:35.899306 #68180] DEBUG -- : Supposed to be stopping
I, [2016-02-27T23:38:50.202661 #68400]  INFO -- : Starting app Products Service #<Pact::MockService::App:0x007f807295d838> on port 8181...
I, [2016-02-27T23:38:50.514559 #68400]  INFO -- : Started on port 8181
I, [2016-02-27T23:38:50.515005 #68400]  INFO -- : Clearing all expectations
I, [2016-02-27T23:38:50.528050 #68400]  INFO -- : Verifying interactions for ContractServiceGateway get_products returns products
I, [2016-02-27T23:38:50.531361 #68400]  INFO -- : Clearing all expectations
I, [2016-02-27T23:38:50.536032 #68400]  INFO -- : Verifying interactions for ContractServiceGateway parse parse the data
D, [2016-02-27T23:38:50.542826 #68400] DEBUG -- : Supposed to be stopping
I, [2016-02-27T23:39:09.625774 #68419]  INFO -- : Starting app Products Service #<Pact::MockService::App:0x007f80d2cb59f8> on port 8181...
I, [2016-02-27T23:39:09.737402 #68419]  INFO -- : Started on port 8181
I, [2016-02-27T23:39:09.737868 #68419]  INFO -- : Clearing all expectations
I, [2016-02-27T23:39:09.749129 #68419]  INFO -- : Verifying interactions for ContractServiceGateway get_products returns products
I, [2016-02-27T23:39:09.752540 #68419]  INFO -- : Clearing all expectations
I, [2016-02-27T23:39:09.757618 #68419]  INFO -- : Verifying interactions for ContractServiceGateway parse parse the data
D, [2016-02-27T23:39:09.764016 #68419] DEBUG -- : Supposed to be stopping
I, [2016-02-27T23:40:10.557216 #68437]  INFO -- : Starting app Products Service #<Pact::MockService::App:0x007fbad43722b0> on port 8181...
I, [2016-02-27T23:40:10.669828 #68437]  INFO -- : Started on port 8181
I, [2016-02-27T23:40:10.670277 #68437]  INFO -- : Clearing all expectations
I, [2016-02-27T23:40:10.681971 #68437]  INFO -- : Verifying interactions for ContractServiceGateway get_products returns products
I, [2016-02-27T23:40:10.685409 #68437]  INFO -- : Clearing all expectations
I, [2016-02-27T23:40:10.690660 #68437]  INFO -- : Verifying interactions for ContractServiceGateway parse parse the data
D, [2016-02-27T23:40:10.697417 #68437] DEBUG -- : Supposed to be stopping
I, [2016-02-27T23:40:36.913240 #68452]  INFO -- : Starting app Products Service #<Pact::MockService::App:0x007fd8cc20a060> on port 8181...
I, [2016-02-27T23:40:37.024346 #68452]  INFO -- : Started on port 8181
I, [2016-02-27T23:40:37.024812 #68452]  INFO -- : Clearing all expectations
I, [2016-02-27T23:40:37.036110 #68452]  INFO -- : Verifying interactions for ContractServiceGateway get_products returns products
I, [2016-02-27T23:40:37.039362 #68452]  INFO -- : Clearing all expectations
I, [2016-02-27T23:40:37.044411 #68452]  INFO -- : Verifying interactions for ContractServiceGateway parse parse the data
D, [2016-02-27T23:40:37.051402 #68452] DEBUG -- : Supposed to be stopping
I, [2016-02-27T23:41:20.243458 #68476]  INFO -- : Starting app Products Service #<Pact::MockService::App:0x007ff4213a2060> on port 8181...
I, [2016-02-27T23:41:20.358534 #68476]  INFO -- : Started on port 8181
I, [2016-02-27T23:41:20.359136 #68476]  INFO -- : Clearing all expectations
I, [2016-02-27T23:41:20.369433 #68476]  INFO -- : Verifying interactions for ContractServiceGateway get_products returns products
I, [2016-02-27T23:41:20.372798 #68476]  INFO -- : Clearing all expectations
I, [2016-02-27T23:41:20.376389 #68476]  INFO -- : Verifying interactions for ContractServiceGateway parse parse the data
D, [2016-02-27T23:41:20.382786 #68476] DEBUG -- : Supposed to be stopping
I, [2016-02-27T23:42:10.821168 #68493]  INFO -- : Starting app Products Service #<Pact::MockService::App:0x007f8d843ad518> on port 8181...
I, [2016-02-27T23:42:10.936268 #68493]  INFO -- : Started on port 8181
I, [2016-02-27T23:42:10.936725 #68493]  INFO -- : Clearing all expectations
I, [2016-02-27T23:42:10.947878 #68493]  INFO -- : Verifying interactions for ContractServiceGateway get_products returns products
I, [2016-02-27T23:42:10.951455 #68493]  INFO -- : Clearing all expectations
I, [2016-02-27T23:42:10.956480 #68493]  INFO -- : Verifying interactions for ContractServiceGateway parse parse the data
D, [2016-02-27T23:42:10.963143 #68493] DEBUG -- : Supposed to be stopping
I, [2016-02-27T23:42:24.161292 #68507]  INFO -- : Starting app Products Service #<Pact::MockService::App:0x007ffc6c245458> on port 8181...
I, [2016-02-27T23:42:24.275936 #68507]  INFO -- : Started on port 8181
I, [2016-02-27T23:42:24.276404 #68507]  INFO -- : Clearing all expectations
I, [2016-02-27T23:42:24.287481 #68507]  INFO -- : Verifying interactions for ContractServiceGateway get_products returns products
I, [2016-02-27T23:42:24.290655 #68507]  INFO -- : Clearing all expectations
I, [2016-02-27T23:42:24.293570 #68507]  INFO -- : Verifying interactions for ContractServiceGateway parse parse the data
D, [2016-02-27T23:42:24.299498 #68507] DEBUG -- : Supposed to be stopping
I, [2016-02-27T23:42:42.863701 #68528]  INFO -- : Starting app Products Service #<Pact::MockService::App:0x007fbcccb31600> on port 8181...
I, [2016-02-27T23:42:42.974188 #68528]  INFO -- : Started on port 8181
I, [2016-02-27T23:42:42.974665 #68528]  INFO -- : Clearing all expectations
I, [2016-02-27T23:42:42.987984 #68528]  INFO -- : Verifying interactions for ContractServiceGateway get_products returns products
I, [2016-02-27T23:42:42.991459 #68528]  INFO -- : Clearing all expectations
I, [2016-02-27T23:42:42.996535 #68528]  INFO -- : Verifying interactions for ContractServiceGateway parse parse the data
D, [2016-02-27T23:42:43.003752 #68528] DEBUG -- : Supposed to be stopping
I, [2016-02-27T23:43:20.782466 #68554]  INFO -- : Starting app Products Service #<Pact::MockService::App:0x007fafaba160c8> on port 8181...
I, [2016-02-27T23:43:20.892246 #68554]  INFO -- : Started on port 8181
I, [2016-02-27T23:43:20.892752 #68554]  INFO -- : Clearing all expectations
I, [2016-02-27T23:43:20.904001 #68554]  INFO -- : Verifying interactions for ContractServiceGateway get_products returns products
I, [2016-02-27T23:43:20.907669 #68554]  INFO -- : Clearing all expectations
I, [2016-02-27T23:43:20.912046 #68554]  INFO -- : Verifying interactions for ContractServiceGateway parse parse the data
D, [2016-02-27T23:43:20.919049 #68554] DEBUG -- : Supposed to be stopping
I, [2016-02-27T23:45:20.996051 #68602]  INFO -- : Starting app Products Service #<Pact::MockService::App:0x007fba94af62d8> on port 8181...
I, [2016-02-27T23:45:21.421058 #68602]  INFO -- : Started on port 8181
I, [2016-02-27T23:45:21.421764 #68602]  INFO -- : Clearing all expectations
I, [2016-02-27T23:45:21.434189 #68602]  INFO -- : Verifying interactions for ContractServiceGateway get_products returns products
I, [2016-02-27T23:45:21.438460 #68602]  INFO -- : Clearing all expectations
I, [2016-02-27T23:45:21.441559 #68602]  INFO -- : Verifying interactions for ContractServiceGateway parse parse the data
D, [2016-02-27T23:45:21.447394 #68602] DEBUG -- : Supposed to be stopping
I, [2016-02-27T23:46:51.184499 #68623]  INFO -- : Starting app Products Service #<Pact::MockService::App:0x007fe34d24d488> on port 8181...
I, [2016-02-27T23:46:51.298912 #68623]  INFO -- : Started on port 8181
I, [2016-02-27T23:46:51.299415 #68623]  INFO -- : Clearing all expectations
I, [2016-02-27T23:46:51.312715 #68623]  INFO -- : Verifying interactions for ContractServiceGateway get_products returns products
I, [2016-02-27T23:46:51.316381 #68623]  INFO -- : Clearing all expectations
I, [2016-02-27T23:46:51.319398 #68623]  INFO -- : Verifying interactions for ContractServiceGateway parse parse the data
D, [2016-02-27T23:46:51.325152 #68623] DEBUG -- : Supposed to be stopping
I, [2016-02-27T23:47:19.031870 #68640]  INFO -- : Starting app Products Service #<Pact::MockService::App:0x007fe6b94333c8> on port 8181...
I, [2016-02-27T23:47:19.142652 #68640]  INFO -- : Started on port 8181
I, [2016-02-27T23:47:19.143121 #68640]  INFO -- : Clearing all expectations
I, [2016-02-27T23:47:19.154270 #68640]  INFO -- : Verifying interactions for ContractServiceGateway get_products returns products
I, [2016-02-27T23:47:19.157534 #68640]  INFO -- : Clearing all expectations
I, [2016-02-27T23:47:19.160827 #68640]  INFO -- : Verifying interactions for ContractServiceGateway parse parse the data
D, [2016-02-27T23:47:19.167177 #68640] DEBUG -- : Supposed to be stopping
I, [2016-02-27T23:51:02.801299 #68886]  INFO -- : Starting app Products Service #<Pact::MockService::App:0x007fa37245e670> on port 8181...
I, [2016-02-27T23:51:03.119333 #68886]  INFO -- : Started on port 8181
I, [2016-02-27T23:51:03.119774 #68886]  INFO -- : Clearing all expectations
I, [2016-02-27T23:51:03.131124 #68886]  INFO -- : Verifying interactions for ContractServiceGateway get_products returns products
I, [2016-02-27T23:51:03.134297 #68886]  INFO -- : Clearing all expectations
I, [2016-02-27T23:51:03.137174 #68886]  INFO -- : Verifying interactions for ContractServiceGateway parse parse the data
D, [2016-02-27T23:51:03.143550 #68886] DEBUG -- : Supposed to be stopping
I, [2016-02-27T23:51:37.764720 #68910]  INFO -- : Starting app Products Service #<Pact::MockService::App:0x007ffeccbaa838> on port 8181...
I, [2016-02-27T23:51:37.877889 #68910]  INFO -- : Started on port 8181
I, [2016-02-27T23:51:37.878564 #68910]  INFO -- : Clearing all expectations
I, [2016-02-27T23:51:37.889775 #68910]  INFO -- : Verifying interactions for ContractServiceGateway get_products returns products
I, [2016-02-27T23:51:37.893660 #68910]  INFO -- : Clearing all expectations
I, [2016-02-27T23:51:37.897257 #68910]  INFO -- : Verifying interactions for ContractServiceGateway parse parse the data
D, [2016-02-27T23:51:37.903632 #68910] DEBUG -- : Supposed to be stopping
