I, [2016-02-27T23:51:37.881577 #68910]  INFO -- : Cleared interactions before example "ContractServiceGateway get_products returns products"
I, [2016-02-27T23:51:37.885104 #68910]  INFO -- : Registered expected interaction GET /products
D, [2016-02-27T23:51:37.885258 #68910] DEBUG -- : {
  "description": "a request for all products",
  "provider_state": "products exist",
  "request": {
    "method": "get",
    "path": "/products"
  },
  "response": {
    "status": 200,
    "headers": {
      "Content-Type": "application/hal+json"
    },
    "body": {
      "_links": {
        "self": {
          "href": "http://example.org/products"
        }
      },
      "count": 2,
      "_embedded": {
        "products": [
          {
            "id": 1,
            "name": "Docker In Action",
            "price": "59.00"
          },
          {
            "id": 2,
            "name": "Agile In Action",
            "price": "55.00"
          }
        ]
      }
    }
  }
}
I, [2016-02-27T23:51:37.888567 #68910]  INFO -- : Received request GET /products
D, [2016-02-27T23:51:37.888656 #68910] DEBUG -- : {
  "path": "/products",
  "query": "",
  "method": "get",
  "headers": {
    "Accept-Encoding": "gzip;q=1.0,deflate;q=0.6,identity;q=0.3",
    "Accept": "*/*",
    "User-Agent": "Ruby",
    "Connection": "close",
    "Host": "localhost:8181",
    "Version": "HTTP/1.1"
  }
}
I, [2016-02-27T23:51:37.888792 #68910]  INFO -- : Found matching response for GET /products
D, [2016-02-27T23:51:37.888866 #68910] DEBUG -- : {
  "status": 200,
  "headers": {
    "Content-Type": "application/hal+json"
  },
  "body": {
    "_links": {
      "self": {
        "href": "http://example.org/products"
      }
    },
    "count": 2,
    "_embedded": {
      "products": [
        {
          "id": 1,
          "name": "Docker In Action",
          "price": "59.00"
        },
        {
          "id": 2,
          "name": "Agile In Action",
          "price": "55.00"
        }
      ]
    }
  }
}
I, [2016-02-27T23:51:37.892384 #68910]  INFO -- : Verifying - interactions matched for example "ContractServiceGateway get_products returns products"
I, [2016-02-27T23:51:37.896675 #68910]  INFO -- : Cleared interactions before example "ContractServiceGateway parse parse the data"
I, [2016-02-27T23:51:37.899623 #68910]  INFO -- : Verifying - interactions matched for example "ContractServiceGateway parse parse the data"
I, [2016-02-27T23:51:37.902736 #68910]  INFO -- : Writing pact with details {:consumer=>{:name=>"Contracts Service"}, :provider=>{:name=>"Products Service"}, :pactfile_write_mode=>"overwrite", :pact_dir=>"/Users/wanglei/Work/book/code/contracts-service/spec/pacts"}
I, [2016-02-27T23:51:37.902815 #68910]  INFO -- : Writing pact for Products Service to /Users/wanglei/Work/book/code/contracts-service/spec/pacts/contracts_service-products_service.json
